<?xml version="1.0" encoding="UTF-8"?>
<testsuite xmlns:xsi="http://www.w3.org/2001/XMLSchema-instance" xsi:noNamespaceSchemaLocation="https://maven.apache.org/surefire/maven-surefire-plugin/xsd/surefire-test-report.xsd" version="3.0.2" name="com.sil.portalsil.PortalsilApplicationTests" time="10.577" tests="1" errors="0" skipped="0" failures="0">
  <properties>
[...]
</properties>
  <testcase name="contextLoads" classname="com.sil.portalsil.PortalsilApplicationTests" time="0.644">
    <system-out><![CDATA[22:08:40.386 [main] INFO org.springframework.test.context.support.AnnotationConfigContextLoaderUtils -- Could not detect default configuration classes for test class [com.sil.portalsil.PortalsilApplicationTests]: PortalsilApplicationTests does not declare any static, non-private, non-final, nested classes annotated with @Configuration.
22:08:40.550 [main] INFO org.springframework.boot.test.context.SpringBootTestContextBootstrapper -- Found @SpringBootConfiguration com.sil.portalsil.PortalsilApplication for test class com.sil.portalsil.PortalsilApplicationTests

  .   ____          _            __ _ _
 /\\ / ___'_ __ _ _(_)_ __  __ _ \ \ \ \
( ( )\___ | '_ | '_| | '_ \/ _` | \ \ \ \
 \\/  ___)| |_)| | | | | || (_| |  ) ) ) )
  '  |____| .__|_| |_|_| |_\__, | / / / /
 =========|_|==============|___/=/_/_/_/

 :: Spring Boot ::                (v3.5.6)

2025-11-08T22:08:41.426-05:00  INFO 12612 --- [portalsil] [           main] c.s.portalsil.PortalsilApplicationTests  : Starting PortalsilApplicationTests using Java 22.0.2 with PID 12612 (started by HOME in C:\Users\HOME\Documents\GitHub\portal-estudiantil-san-Ignacio-loyola\backend)
2025-11-08T22:08:41.427-05:00  INFO 12612 --- [portalsil] [           main] c.s.portalsil.PortalsilApplicationTests  : No active profile set, falling back to 1 default profile: "default"
2025-11-08T22:08:42.638-05:00  INFO 12612 --- [portalsil] [           main] .s.d.r.c.RepositoryConfigurationDelegate : Bootstrapping Spring Data JPA repositories in DEFAULT mode.
2025-11-08T22:08:42.764-05:00  INFO 12612 --- [portalsil] [           main] .s.d.r.c.RepositoryConfigurationDelegate : Finished Spring Data repository scanning in 112 ms. Found 13 JPA repository interfaces.
2025-11-08T22:08:44.253-05:00  INFO 12612 --- [portalsil] [           main] o.hibernate.jpa.internal.util.LogHelper  : HHH000204: Processing PersistenceUnitInfo [name: default]
2025-11-08T22:08:44.384-05:00  INFO 12612 --- [portalsil] [           main] org.hibernate.Version                    : HHH000412: Hibernate ORM core version 6.6.29.Final
2025-11-08T22:08:44.565-05:00  INFO 12612 --- [portalsil] [           main] o.h.c.internal.RegionFactoryInitiator    : HHH000026: Second-level cache disabled
2025-11-08T22:08:45.256-05:00  INFO 12612 --- [portalsil] [           main] o.s.o.j.p.SpringPersistenceUnitInfo      : No LoadTimeWeaver setup: ignoring JPA class transformer
2025-11-08T22:08:45.410-05:00  INFO 12612 --- [portalsil] [           main] com.zaxxer.hikari.HikariDataSource       : HikariPool-1 - Starting...
2025-11-08T22:08:45.697-05:00  INFO 12612 --- [portalsil] [           main] com.zaxxer.hikari.pool.HikariPool        : HikariPool-1 - Added connection conn0: url=jdbc:h2:mem:portalsildb user=SA
2025-11-08T22:08:45.699-05:00  INFO 12612 --- [portalsil] [           main] com.zaxxer.hikari.HikariDataSource       : HikariPool-1 - Start completed.
2025-11-08T22:08:45.735-05:00  WARN 12612 --- [portalsil] [           main] org.hibernate.orm.deprecation            : HHH90000025: H2Dialect does not need to be specified explicitly using 'hibernate.dialect' (remove the property setting and it will be selected by default)
2025-11-08T22:08:45.763-05:00  INFO 12612 --- [portalsil] [           main] org.hibernate.orm.connections.pooling    : HHH10001005: Database info:
	Database JDBC URL [Connecting through datasource 'HikariDataSource (HikariPool-1)']
	Database driver: undefined/unknown
	Database version: 2.3.232
	Autocommit mode: undefined/unknown
	Isolation level: undefined/unknown
	Minimum pool size: undefined/unknown
	Maximum pool size: undefined/unknown
2025-11-08T22:08:47.818-05:00  INFO 12612 --- [portalsil] [           main] o.h.e.t.j.p.i.JtaPlatformInitiator       : HHH000489: No JTA platform available (set 'hibernate.transaction.jta.platform' to enable JTA platform integration)
Hibernate: 
    create table announcements (
        id bigint generated by default as identity,
        content TEXT not null,
        date timestamp(6) not null,
        target_role enum ('ADMIN','PARENT','STUDENT','TEACHER') not null,
        title varchar(255) not null,
        author_id bigint not null,
        course_id bigint,
        primary key (id)
    )
Hibernate: 
    create table courses (
        id bigint generated by default as identity,
        credits integer not null,
        description TEXT,
        name varchar(255) not null,
        schedule varchar(255),
        teacher_id bigint not null,
        primary key (id)
    )
Hibernate: 
    create table enrollments (
        id bigint generated by default as identity,
        enrollment_date date not null,
        status enum ('ACTIVE','COMPLETED','DROPPED') not null,
        course_id bigint not null,
        student_id bigint not null,
        primary key (id)
    )
Hibernate: 
    create table events (
        id bigint generated by default as identity,
        color varchar(255),
        description TEXT,
        full_date date not null,
        location varchar(255),
        time time(6),
        title varchar(255) not null,
        type enum ('CLASS','EXAM','HOLIDAY','MEETING','OTHER') not null,
        course_id bigint,
        primary key (id)
    )
Hibernate: 
    create table grades (
        id bigint generated by default as identity,
        evaluation_name varchar(255) not null,
        grade_value float(53) not null,
        period varchar(255) not null,
        weight float(53) not null,
        course_id bigint not null,
        student_id bigint not null,
        teacher_id bigint not null,
        primary key (id)
    )
Hibernate: 
    create table materials (
        id bigint generated by default as identity,
        description TEXT,
        name varchar(255) not null,
        type enum ('FILE','LINK','VIDEO') not null,
        upload_date date not null,
        url varchar(255) not null,
        week integer,
        course_id bigint not null,
        primary key (id)
    )
Hibernate: 
    create table messages (
        id bigint generated by default as identity,
        body TEXT not null,
        is_read boolean not null,
        sent_date timestamp(6) not null,
        subject varchar(255) not null,
        recipient_id bigint not null,
        sender_id bigint not null,
        primary key (id)
    )
Hibernate: 
    create table parents (
        id bigint generated by default as identity,
        contact_number varchar(255),
        user_id bigint not null,
        primary key (id)
    )
Hibernate: 
    create table students (
        id bigint generated by default as identity,
        birth_date date,
        grade varchar(255) not null,
        profile_picture_url varchar(255),
        section varchar(255) not null,
        student_code varchar(255) not null,
        user_id bigint not null,
        primary key (id)
    )
Hibernate: 
    create table task_submissions (
        id bigint generated by default as identity,
        comments TEXT,
        grade integer,
        status enum ('DRAFT','LATE_SUBMISSION','PENDING_REVIEW','REVIEWED') not null,
        submission_content TEXT,
        submission_date timestamp(6) not null,
        student_id bigint not null,
        task_id bigint not null,
        primary key (id)
    )
Hibernate: 
    create table tasks (
        id bigint generated by default as identity,
        description TEXT,
        due_date timestamp(6) not null,
        max_grade integer not null,
        title varchar(255) not null,
        course_id bigint not null,
        teacher_id bigint not null,
        primary key (id)
    )
Hibernate: 
    create table teachers (
        id bigint generated by default as identity,
        department varchar(255),
        employee_id varchar(255) not null,
        profile_picture_url varchar(255),
        user_id bigint not null,
        primary key (id)
    )
Hibernate: 
    create table users (
        id bigint generated by default as identity,
        created_at timestamp(6) not null,
        first_name varchar(255) not null,
        is_active boolean not null,
        last_name varchar(255) not null,
        password varchar(255) not null,
        role enum ('ADMIN','PARENT','STUDENT','TEACHER') not null,
        updated_at timestamp(6) not null,
        username varchar(255) not null,
        primary key (id)
    )
Hibernate: 
    alter table if exists parents 
       drop constraint if exists UKc1t2v6wf187l8w0yew9sph3l4
Hibernate: 
    alter table if exists parents 
       add constraint UKc1t2v6wf187l8w0yew9sph3l4 unique (user_id)
Hibernate: 
    alter table if exists students 
       drop constraint if exists UKcgcf3r5xk73o0etbduc1qxnol
Hibernate: 
    alter table if exists students 
       add constraint UKcgcf3r5xk73o0etbduc1qxnol unique (student_code)
Hibernate: 
    alter table if exists students 
       drop constraint if exists UKg4fwvutq09fjdlb4bb0byp7t
Hibernate: 
    alter table if exists students 
       add constraint UKg4fwvutq09fjdlb4bb0byp7t unique (user_id)
Hibernate: 
    alter table if exists teachers 
       drop constraint if exists UK8xdh0jsitskwq83arwxvyihhc
Hibernate: 
    alter table if exists teachers 
       add constraint UK8xdh0jsitskwq83arwxvyihhc unique (employee_id)
Hibernate: 
    alter table if exists teachers 
       drop constraint if exists UKcd1k6xwg9jqtiwx9ybnxpmoh9
Hibernate: 
    alter table if exists teachers 
       add constraint UKcd1k6xwg9jqtiwx9ybnxpmoh9 unique (user_id)
Hibernate: 
    alter table if exists users 
       drop constraint if exists UKr43af9ap4edm43mmtq01oddj6
Hibernate: 
    alter table if exists users 
       add constraint UKr43af9ap4edm43mmtq01oddj6 unique (username)
Hibernate: 
    alter table if exists announcements 
       add constraint FK1pgl63iwbqvmngumhvr3xopg3 
       foreign key (author_id) 
       references users
Hibernate: 
    alter table if exists announcements 
       add constraint FKcbrf5570bepj9wk21ofsrpwp2 
       foreign key (course_id) 
       references courses
Hibernate: 
    alter table if exists courses 
       add constraint FK468oyt88pgk2a0cxrvxygadqg 
       foreign key (teacher_id) 
       references teachers
Hibernate: 
    alter table if exists enrollments 
       add constraint FKho8mcicp4196ebpltdn9wl6co 
       foreign key (course_id) 
       references courses
Hibernate: 
    alter table if exists enrollments 
       add constraint FK8kf1u1857xgo56xbfmnif2c51 
       foreign key (student_id) 
       references students
Hibernate: 
    alter table if exists events 
       add constraint FKf8hdy0p8gr7fnt6bm0sfqwgnn 
       foreign key (course_id) 
       references courses
Hibernate: 
    alter table if exists grades 
       add constraint FKox7bxu57m6gpmeeyj38rfrdw9 
       foreign key (course_id) 
       references courses
Hibernate: 
    alter table if exists grades 
       add constraint FK13a16545m7vvrcspc999r15s9 
       foreign key (student_id) 
       references students
Hibernate: 
    alter table if exists grades 
       add constraint FKjkankww1vg2lw4ysxo90qp51h 
       foreign key (teacher_id) 
       references teachers
Hibernate: 
    alter table if exists materials 
       add constraint FKdky0bj42nucpuas522aj6yoc 
       foreign key (course_id) 
       references courses
Hibernate: 
    alter table if exists messages 
       add constraint FKhdkwfnspwb3s60j27vpg0rpg6 
       foreign key (recipient_id) 
       references users
Hibernate: 
    alter table if exists messages 
       add constraint FK4ui4nnwntodh6wjvck53dbk9m 
       foreign key (sender_id) 
       references users
Hibernate: 
    alter table if exists parents 
       add constraint FKchh8tf8w072tapgqoijrahojk 
       foreign key (user_id) 
       references users
Hibernate: 
    alter table if exists students 
       add constraint FKdt1cjx5ve5bdabmuuf3ibrwaq 
       foreign key (user_id) 
       references users
Hibernate: 
    alter table if exists task_submissions 
       add constraint FKf30rf449mo781hl54yoponvlh 
       foreign key (student_id) 
       references students
Hibernate: 
    alter table if exists task_submissions 
       add constraint FK79vk3jngud7t5uaxy97o074nw 
       foreign key (task_id) 
       references tasks
Hibernate: 
    alter table if exists tasks 
       add constraint FKopldg47bgaarlampi2f6wees3 
       foreign key (course_id) 
       references courses
Hibernate: 
    alter table if exists tasks 
       add constraint FKedr91s1ueomtf3d9vhxsxo6a1 
       foreign key (teacher_id) 
       references teachers
Hibernate: 
    alter table if exists teachers 
       add constraint FKb8dct7w2j1vl1r2bpstw5isc0 
       foreign key (user_id) 
       references users
2025-11-08T22:08:48.024-05:00  INFO 12612 --- [portalsil] [           main] j.LocalContainerEntityManagerFactoryBean : Initialized JPA EntityManagerFactory for persistence unit 'default'
2025-11-08T22:08:48.215-05:00  WARN 12612 --- [portalsil] [           main] JpaBaseConfiguration$JpaWebConfiguration : spring.jpa.open-in-view is enabled by default. Therefore, database queries may be performed during view rendering. Explicitly configure spring.jpa.open-in-view to disable this warning
2025-11-08T22:08:49.417-05:00  INFO 12612 --- [portalsil] [           main] o.s.b.a.h2.H2ConsoleAutoConfiguration    : H2 console available at '/h2-console'. Database available at 'jdbc:h2:mem:portalsildb'
2025-11-08T22:08:49.558-05:00  WARN 12612 --- [portalsil] [           main] .s.s.UserDetailsServiceAutoConfiguration : 

Using generated security password: 2581a545-9eac-4e97-9594-274af077d28e

This generated password is for development use only. Your security configuration must be updated before running your application in production.

2025-11-08T22:08:49.569-05:00  INFO 12612 --- [portalsil] [           main] r$InitializeUserDetailsManagerConfigurer : Global AuthenticationManager configured with UserDetailsService bean with name inMemoryUserDetailsManager
2025-11-08T22:08:49.779-05:00  INFO 12612 --- [portalsil] [           main] c.s.portalsil.PortalsilApplicationTests  : Started PortalsilApplicationTests in 8.909 seconds (process running for 11.046)
]]></system-out>
    <system-err><![CDATA[Mockito is currently self-attaching to enable the inline-mock-maker. This will no longer work in future releases of the JDK. Please add Mockito as an agent to your build as described in Mockito's documentation: https://javadoc.io/doc/org.mockito/mockito-core/latest/org.mockito/org/mockito/Mockito.html#0.3
WARNING: A Java agent has been loaded dynamically (C:\Users\HOME\.m2\repository\net\bytebuddy\byte-buddy-agent\1.17.7\byte-buddy-agent-1.17.7.jar)
WARNING: If a serviceability tool is in use, please run with -XX:+EnableDynamicAgentLoading to hide this warning
WARNING: If a serviceability tool is not in use, please run with -Djdk.instrument.traceUsage for more information
WARNING: Dynamic loading of agents will be disallowed by default in a future release
]]></system-err>
  </testcase>
</testsuite>